{
  "F:/isProgrammer/react learning/RS-School-React/react-components/src/store/searchValueSlice.ts": {
    "path": "F:/isProgrammer/react learning/RS-School-React/react-components/src/store/searchValueSlice.ts",
    "statementMap": {
      "0": {
        "start": {
          "line": 2,
          "column": 21
        },
        "end": {
          "line": 4,
          "column": 1
        }
      },
      "1": {
        "start": {
          "line": 5,
          "column": 25
        },
        "end": {
          "line": 13,
          "column": 2
        }
      },
      "2": {
        "start": {
          "line": 10,
          "column": 6
        },
        "end": {
          "line": 10,
          "column": 41
        }
      },
      "3": {
        "start": {
          "line": 14,
          "column": 37
        },
        "end": {
          "line": 14,
          "column": 61
        }
      }
    },
    "fnMap": {
      "0": {
        "name": "(anonymous_0)",
        "decl": {
          "start": {
            "line": 9,
            "column": 4
          },
          "end": {
            "line": 9,
            "column": 5
          }
        },
        "loc": {
          "start": {
            "line": 9,
            "column": 37
          },
          "end": {
            "line": 11,
            "column": 5
          }
        },
        "line": 9
      }
    },
    "branchMap": {},
    "s": {
      "0": 83,
      "1": 83,
      "2": 22,
      "3": 83
    },
    "f": {
      "0": 22
    },
    "b": {},
    "inputSourceMap": {
      "version": 3,
      "sources": [
        "F:/isProgrammer/react learning/RS-School-React/react-components/src/store/searchValueSlice.ts"
      ],
      "mappings": "AAAA,SAAS,mBAAkC;AAM3C,MAAM,eAAsB;AAAA,EAC1B,aAAa;AACf;AAEA,MAAM,mBAAmB,YAAY;AAAA,EACnC,MAAM;AAAA,EACN;AAAA,EACA,UAAU;AAAA,IACR,kBAAkB,OAAO,QAA+B;AACtD,YAAM,cAAc,OAAO;AAAA,IAC7B;AAAA,EACF;AACF,CAAC;AAEM,aAAM,EAAE,kBAAkB,IAAI,iBAAiB;AAEtD,eAAe,iBAAiB;",
      "names": []
    },
    "_coverageSchema": "1a1c01bbd47fc00a2c39e90264f33305004495a9",
    "hash": "3fd1f79292faedd305d0ffef5255a9a3b7bd4f20"
  },
  "F:/isProgrammer/react learning/RS-School-React/react-components/src/store/collectFormDataSlice.ts": {
    "path": "F:/isProgrammer/react learning/RS-School-React/react-components/src/store/collectFormDataSlice.ts",
    "statementMap": {
      "0": {
        "start": {
          "line": 2,
          "column": 21
        },
        "end": {
          "line": 2,
          "column": 23
        }
      },
      "1": {
        "start": {
          "line": 3,
          "column": 29
        },
        "end": {
          "line": 11,
          "column": 2
        }
      },
      "2": {
        "start": {
          "line": 8,
          "column": 6
        },
        "end": {
          "line": 8,
          "column": 33
        }
      },
      "3": {
        "start": {
          "line": 12,
          "column": 35
        },
        "end": {
          "line": 12,
          "column": 63
        }
      }
    },
    "fnMap": {
      "0": {
        "name": "(anonymous_0)",
        "decl": {
          "start": {
            "line": 7,
            "column": 4
          },
          "end": {
            "line": 7,
            "column": 5
          }
        },
        "loc": {
          "start": {
            "line": 7,
            "column": 35
          },
          "end": {
            "line": 9,
            "column": 5
          }
        },
        "line": 7
      }
    },
    "branchMap": {},
    "s": {
      "0": 83,
      "1": 83,
      "2": 11,
      "3": 83
    },
    "f": {
      "0": 11
    },
    "b": {},
    "inputSourceMap": {
      "version": 3,
      "sources": [
        "F:/isProgrammer/react learning/RS-School-React/react-components/src/store/collectFormDataSlice.ts"
      ],
      "mappings": "AAAA,SAAS,mBAAkC;AAW3C,MAAM,eAA4B,CAAC;AAEnC,MAAM,uBAAuB,YAAY;AAAA,EACvC,MAAM;AAAA,EACN;AAAA,EACA,UAAU;AAAA,IACR,gBAAgB,OAAO,QAAkC;AACvD,YAAM,KAAK,OAAO,OAAO;AAAA,IAC3B;AAAA,EACF;AACF,CAAC;AAEM,aAAM,EAAE,gBAAgB,IAAI,qBAAqB;AAExD,eAAe,qBAAqB;",
      "names": []
    },
    "_coverageSchema": "1a1c01bbd47fc00a2c39e90264f33305004495a9",
    "hash": "3c6fae72c90d8ca75ac3c04c1a9cd8128faf4833"
  },
  "F:/isProgrammer/react learning/RS-School-React/react-components/src/store/collectCharactersDataSlice.ts": {
    "path": "F:/isProgrammer/react learning/RS-School-React/react-components/src/store/collectCharactersDataSlice.ts",
    "statementMap": {
      "0": {
        "start": {
          "line": 2,
          "column": 21
        },
        "end": {
          "line": 2,
          "column": 23
        }
      },
      "1": {
        "start": {
          "line": 3,
          "column": 35
        },
        "end": {
          "line": 11,
          "column": 2
        }
      },
      "2": {
        "start": {
          "line": 8,
          "column": 6
        },
        "end": {
          "line": 8,
          "column": 28
        }
      },
      "3": {
        "start": {
          "line": 12,
          "column": 40
        },
        "end": {
          "line": 12,
          "column": 74
        }
      }
    },
    "fnMap": {
      "0": {
        "name": "(anonymous_0)",
        "decl": {
          "start": {
            "line": 7,
            "column": 4
          },
          "end": {
            "line": 7,
            "column": 5
          }
        },
        "loc": {
          "start": {
            "line": 7,
            "column": 40
          },
          "end": {
            "line": 9,
            "column": 5
          }
        },
        "line": 7
      }
    },
    "branchMap": {},
    "s": {
      "0": 83,
      "1": 83,
      "2": 110,
      "3": 83
    },
    "f": {
      "0": 110
    },
    "b": {},
    "inputSourceMap": {
      "version": 3,
      "sources": [
        "F:/isProgrammer/react learning/RS-School-React/react-components/src/store/collectCharactersDataSlice.ts"
      ],
      "mappings": "AAAA,SAAS,mBAAkC;AAQ3C,MAAM,eAAiC,CAAC;AAExC,MAAM,6BAA6B,YAAY;AAAA,EAC7C,MAAM;AAAA,EACN;AAAA,EACA,UAAU;AAAA,IACR,qBAAqB,OAAO,QAAyC;AACnE,aAAO,OAAO;AAAA,IAChB;AAAA,EACF;AACF,CAAC;AAEM,aAAM,EAAE,qBAAqB,IAAI,2BAA2B;AAEnE,eAAe,2BAA2B;",
      "names": []
    },
    "_coverageSchema": "1a1c01bbd47fc00a2c39e90264f33305004495a9",
    "hash": "e64d314738f25bb7d9ba5b959643297960b7ddfb"
  },
  "F:/isProgrammer/react learning/RS-School-React/react-components/src/store/collectModalDataSlice.ts": {
    "path": "F:/isProgrammer/react learning/RS-School-React/react-components/src/store/collectModalDataSlice.ts",
    "statementMap": {
      "0": {
        "start": {
          "line": 2,
          "column": 25
        },
        "end": {
          "line": 14,
          "column": 1
        }
      },
      "1": {
        "start": {
          "line": 15,
          "column": 21
        },
        "end": {
          "line": 15,
          "column": 37
        }
      },
      "2": {
        "start": {
          "line": 16,
          "column": 30
        },
        "end": {
          "line": 24,
          "column": 2
        }
      },
      "3": {
        "start": {
          "line": 21,
          "column": 6
        },
        "end": {
          "line": 21,
          "column": 28
        }
      },
      "4": {
        "start": {
          "line": 25,
          "column": 35
        },
        "end": {
          "line": 25,
          "column": 64
        }
      }
    },
    "fnMap": {
      "0": {
        "name": "(anonymous_0)",
        "decl": {
          "start": {
            "line": 20,
            "column": 4
          },
          "end": {
            "line": 20,
            "column": 5
          }
        },
        "loc": {
          "start": {
            "line": 20,
            "column": 35
          },
          "end": {
            "line": 22,
            "column": 5
          }
        },
        "line": 20
      }
    },
    "branchMap": {},
    "s": {
      "0": 83,
      "1": 83,
      "2": 83,
      "3": 0,
      "4": 83
    },
    "f": {
      "0": 0
    },
    "b": {},
    "inputSourceMap": {
      "version": 3,
      "sources": [
        "F:/isProgrammer/react learning/RS-School-React/react-components/src/store/collectModalDataSlice.ts"
      ],
      "mappings": "AAAA,SAAS,mBAAkC;AAuB3C,MAAM,mBAAmB;AAAA,EACvB,IAAI;AAAA,EACJ,SAAS;AAAA,EACT,QAAQ;AAAA,EACR,OAAO;AAAA,EACP,UAAU;AAAA,IACR,MAAM;AAAA,EACR;AAAA,EACA,MAAM;AAAA,EACN,SAAS;AAAA,EACT,QAAQ;AAAA,EACR,MAAM;AACR;AAEA,MAAM,eAA8B;AAEpC,MAAM,wBAAwB,YAAY;AAAA,EACxC,MAAM;AAAA,EACN;AAAA,EACA,UAAU;AAAA,IACR,gBAAgB,OAAO,QAAsC;AAC3D,aAAO,OAAO;AAAA,IAChB;AAAA,EACF;AACF,CAAC;AAEM,aAAM,EAAE,gBAAgB,IAAI,sBAAsB;AAEzD,eAAe,sBAAsB;",
      "names": []
    },
    "_coverageSchema": "1a1c01bbd47fc00a2c39e90264f33305004495a9",
    "hash": "95b7ddd0cbd127074e1b3459729a66ccbad1da28"
  },
  "F:/isProgrammer/react learning/RS-School-React/react-components/src/store/updateCurrentCardIdSlice.ts": {
    "path": "F:/isProgrammer/react learning/RS-School-React/react-components/src/store/updateCurrentCardIdSlice.ts",
    "statementMap": {
      "0": {
        "start": {
          "line": 2,
          "column": 34
        },
        "end": {
          "line": 14,
          "column": 2
        }
      },
      "1": {
        "start": {
          "line": 10,
          "column": 6
        },
        "end": {
          "line": 10,
          "column": 35
        }
      },
      "2": {
        "start": {
          "line": 11,
          "column": 6
        },
        "end": {
          "line": 11,
          "column": 47
        }
      },
      "3": {
        "start": {
          "line": 15,
          "column": 39
        },
        "end": {
          "line": 15,
          "column": 72
        }
      }
    },
    "fnMap": {
      "0": {
        "name": "(anonymous_0)",
        "decl": {
          "start": {
            "line": 9,
            "column": 4
          },
          "end": {
            "line": 9,
            "column": 5
          }
        },
        "loc": {
          "start": {
            "line": 9,
            "column": 39
          },
          "end": {
            "line": 12,
            "column": 5
          }
        },
        "line": 9
      }
    },
    "branchMap": {},
    "s": {
      "0": 83,
      "1": 22,
      "2": 22,
      "3": 83
    },
    "f": {
      "0": 22
    },
    "b": {},
    "inputSourceMap": {
      "version": 3,
      "sources": [
        "F:/isProgrammer/react learning/RS-School-React/react-components/src/store/updateCurrentCardIdSlice.ts"
      ],
      "mappings": "AAAA,SAAS,mBAAkC;AAM3C,MAAM,4BAA4B,YAAY;AAAA,EAC5C,MAAM;AAAA,EACN,cAAc;AAAA,IACZ,IAAI;AAAA,IACJ,UAAU;AAAA,EACZ;AAAA,EACA,UAAU;AAAA,IACR,oBAAoB,OAAO,QAAqC;AAC9D,YAAM,KAAK,OAAO,QAAQ;AAC1B,YAAM,WAAW,OAAO,QAAQ;AAAA,IAClC;AAAA,EACF;AACF,CAAC;AAEM,aAAM,EAAE,oBAAoB,IAAI,0BAA0B;AAEjE,eAAe,0BAA0B;",
      "names": []
    },
    "_coverageSchema": "1a1c01bbd47fc00a2c39e90264f33305004495a9",
    "hash": "229be9683d7bf98e36537e67451480fd467f26ad"
  },
  "F:/isProgrammer/react learning/RS-School-React/react-components/src/store/updateSubmitMessageState.ts": {
    "path": "F:/isProgrammer/react learning/RS-School-React/react-components/src/store/updateSubmitMessageState.ts",
    "statementMap": {
      "0": {
        "start": {
          "line": 2,
          "column": 38
        },
        "end": {
          "line": 12,
          "column": 2
        }
      },
      "1": {
        "start": {
          "line": 9,
          "column": 6
        },
        "end": {
          "line": 9,
          "column": 61
        }
      },
      "2": {
        "start": {
          "line": 13,
          "column": 41
        },
        "end": {
          "line": 13,
          "column": 78
        }
      }
    },
    "fnMap": {
      "0": {
        "name": "(anonymous_0)",
        "decl": {
          "start": {
            "line": 8,
            "column": 4
          },
          "end": {
            "line": 8,
            "column": 5
          }
        },
        "loc": {
          "start": {
            "line": 8,
            "column": 41
          },
          "end": {
            "line": 10,
            "column": 5
          }
        },
        "line": 8
      }
    },
    "branchMap": {},
    "s": {
      "0": 83,
      "1": 11,
      "2": 83
    },
    "f": {
      "0": 11
    },
    "b": {},
    "inputSourceMap": {
      "version": 3,
      "sources": [
        "F:/isProgrammer/react learning/RS-School-React/react-components/src/store/updateSubmitMessageState.ts"
      ],
      "mappings": "AAAA,SAAS,mBAAkC;AAK3C,MAAM,gCAAgC,YAAY;AAAA,EAChD,MAAM;AAAA,EACN,cAAc;AAAA,IACZ,iBAAiB;AAAA,EACnB;AAAA,EACA,UAAU;AAAA,IACR,sBAAsB,OAAO,QAAqC;AAChE,YAAM,kBAAkB,OAAO,QAAQ;AAAA,IACzC;AAAA,EACF;AACF,CAAC;AAEM,aAAM,EAAE,sBAAsB,IAAI,8BAA8B;AAEvE,eAAe,8BAA8B;",
      "names": []
    },
    "_coverageSchema": "1a1c01bbd47fc00a2c39e90264f33305004495a9",
    "hash": "d849057227fd3cdae4ff81f41b185eea5163e748"
  },
  "F:/isProgrammer/react learning/RS-School-React/react-components/src/store/api.ts": {
    "path": "F:/isProgrammer/react learning/RS-School-React/react-components/src/store/api.ts",
    "statementMap": {
      "0": {
        "start": {
          "line": 2,
          "column": 29
        },
        "end": {
          "line": 21,
          "column": 2
        }
      },
      "1": {
        "start": {
          "line": 6,
          "column": 25
        },
        "end": {
          "line": 20,
          "column": 3
        }
      },
      "2": {
        "start": {
          "line": 8,
          "column": 33
        },
        "end": {
          "line": 13,
          "column": 7
        }
      },
      "3": {
        "start": {
          "line": 16,
          "column": 22
        },
        "end": {
          "line": 18,
          "column": 7
        }
      },
      "4": {
        "start": {
          "line": 22,
          "column": 63
        },
        "end": {
          "line": 22,
          "column": 76
        }
      }
    },
    "fnMap": {
      "0": {
        "name": "(anonymous_0)",
        "decl": {
          "start": {
            "line": 6,
            "column": 13
          },
          "end": {
            "line": 6,
            "column": 14
          }
        },
        "loc": {
          "start": {
            "line": 6,
            "column": 25
          },
          "end": {
            "line": 20,
            "column": 3
          }
        },
        "line": 6
      },
      "1": {
        "name": "(anonymous_1)",
        "decl": {
          "start": {
            "line": 8,
            "column": 13
          },
          "end": {
            "line": 8,
            "column": 14
          }
        },
        "loc": {
          "start": {
            "line": 8,
            "column": 33
          },
          "end": {
            "line": 13,
            "column": 7
          }
        },
        "line": 8
      },
      "2": {
        "name": "(anonymous_2)",
        "decl": {
          "start": {
            "line": 16,
            "column": 13
          },
          "end": {
            "line": 16,
            "column": 14
          }
        },
        "loc": {
          "start": {
            "line": 16,
            "column": 22
          },
          "end": {
            "line": 18,
            "column": 7
          }
        },
        "line": 16
      }
    },
    "branchMap": {},
    "s": {
      "0": 83,
      "1": 83,
      "2": 55,
      "3": 33,
      "4": 83
    },
    "f": {
      "0": 83,
      "1": 55,
      "2": 33
    },
    "b": {},
    "inputSourceMap": {
      "version": 3,
      "sources": [
        "F:/isProgrammer/react learning/RS-School-React/react-components/src/store/api.ts"
      ],
      "mappings": "AAAA,SAAS,WAAW,sBAAsB;AAanC,aAAM,gBAAgB,UAAU;AAAA,EACrC,aAAa;AAAA,EACb,WAAW,eAAe,EAAE,SAAS,kCAAkC,CAAC;AAAA,EACxE,mBAAmB;AAAA,EACnB,WAAW,CAAC,WAAW;AAAA,IACrB,eAAe,MAAM,MAAqC;AAAA,MACxD,OAAO,CAAC,mBAAmB;AAAA,QACzB,KAAK;AAAA,QACL,QAAQ;AAAA,UACN,MAAM;AAAA,QACR;AAAA,MACF;AAAA,IACF,CAAC;AAAA,IACD,cAAc,MAAM,MAA6B;AAAA,MAC/C,OAAO,CAAC,QAAQ;AAAA,QACd,KAAK,cAAc;AAAA,MACrB;AAAA,IACF,CAAC;AAAA,EACH;AACF,CAAC;AAEM,aAAM,EAAE,uBAAuB,qBAAqB,IAAI;",
      "names": []
    },
    "_coverageSchema": "1a1c01bbd47fc00a2c39e90264f33305004495a9",
    "hash": "7e2a7ab0efdf62c64a05a5d9119b28ca5dca19ea"
  },
  "F:/isProgrammer/react learning/RS-School-React/react-components/src/store/index.ts": {
    "path": "F:/isProgrammer/react learning/RS-School-React/react-components/src/store/index.ts",
    "statementMap": {
      "0": {
        "start": {
          "line": 9,
          "column": 14
        },
        "end": {
          "line": 20,
          "column": 2
        }
      },
      "1": {
        "start": {
          "line": 19,
          "column": 40
        },
        "end": {
          "line": 19,
          "column": 95
        }
      }
    },
    "fnMap": {
      "0": {
        "name": "(anonymous_0)",
        "decl": {
          "start": {
            "line": 19,
            "column": 14
          },
          "end": {
            "line": 19,
            "column": 15
          }
        },
        "loc": {
          "start": {
            "line": 19,
            "column": 40
          },
          "end": {
            "line": 19,
            "column": 95
          }
        },
        "line": 19
      }
    },
    "branchMap": {},
    "s": {
      "0": 83,
      "1": 83
    },
    "f": {
      "0": 83
    },
    "b": {},
    "inputSourceMap": {
      "version": 3,
      "sources": [
        "F:/isProgrammer/react learning/RS-School-React/react-components/src/store/index.ts"
      ],
      "mappings": "AAAA,SAAS,sBAAsB;AAC/B,OAAO,sBAAsB;AAC7B,OAAO,0BAA0B;AACjC,OAAO,gCAAgC;AACvC,OAAO,2BAA2B;AAClC,OAAO,8BAA8B;AACrC,OAAO,8BAA8B;AACrC,SAAS,qBAAqB;AAE9B,MAAM,QAAQ,eAAe;AAAA,EAC3B,SAAS;AAAA,IACP,oBAAoB;AAAA,IACpB,wBAAwB;AAAA,IACxB,6BAA6B;AAAA,IAC7B,8BAA8B;AAAA,IAC9B,iCAAiC;AAAA,IACjC,iCAAiC;AAAA,IACjC,CAAC,cAAc,WAAW,GAAG,cAAc;AAAA,EAC7C;AAAA,EACA,YAAY,CAAC,yBAAyB,qBAAqB,EAAE,OAAO,cAAc,UAAU;AAC9F,CAAC;AAED,eAAe;",
      "names": []
    },
    "_coverageSchema": "1a1c01bbd47fc00a2c39e90264f33305004495a9",
    "hash": "372e8342485e0ab14a6795763bce899a600838e7"
  },
  "F:/isProgrammer/react learning/RS-School-React/react-components/src/store/hook.ts": {
    "path": "F:/isProgrammer/react learning/RS-School-React/react-components/src/store/hook.ts",
    "statementMap": {
      "0": {
        "start": {
          "line": 2,
          "column": 30
        },
        "end": {
          "line": 2,
          "column": 49
        }
      },
      "1": {
        "start": {
          "line": 2,
          "column": 36
        },
        "end": {
          "line": 2,
          "column": 49
        }
      },
      "2": {
        "start": {
          "line": 3,
          "column": 30
        },
        "end": {
          "line": 3,
          "column": 41
        }
      }
    },
    "fnMap": {
      "0": {
        "name": "(anonymous_0)",
        "decl": {
          "start": {
            "line": 2,
            "column": 30
          },
          "end": {
            "line": 2,
            "column": 31
          }
        },
        "loc": {
          "start": {
            "line": 2,
            "column": 36
          },
          "end": {
            "line": 2,
            "column": 49
          }
        },
        "line": 2
      }
    },
    "branchMap": {},
    "s": {
      "0": 83,
      "1": 707,
      "2": 83
    },
    "f": {
      "0": 707
    },
    "b": {},
    "inputSourceMap": {
      "version": 3,
      "sources": [
        "F:/isProgrammer/react learning/RS-School-React/react-components/src/store/hook.ts"
      ],
      "mappings": "AAAA,SAAS,aAAa,mBAAyC;AAGxD,aAAM,iBAAiB,MAAM,YAAyB;AACtD,aAAM,iBAAkD;",
      "names": []
    },
    "_coverageSchema": "1a1c01bbd47fc00a2c39e90264f33305004495a9",
    "hash": "57228e796130d1fef8fe9e7b0b956cedb61f2b92"
  },
  "F:/isProgrammer/react learning/RS-School-React/react-components/src/components/searchBar/searchBar.tsx": {
    "path": "F:/isProgrammer/react learning/RS-School-React/react-components/src/components/searchBar/searchBar.tsx",
    "statementMap": {
      "0": {
        "start": {
          "line": 5,
          "column": 0
        },
        "end": {
          "line": 15,
          "column": 1
        }
      },
      "1": {
        "start": {
          "line": 6,
          "column": 2
        },
        "end": {
          "line": 8,
          "column": 3
        }
      },
      "2": {
        "start": {
          "line": 7,
          "column": 4
        },
        "end": {
          "line": 7,
          "column": 165
        }
      },
      "3": {
        "start": {
          "line": 9,
          "column": 2
        },
        "end": {
          "line": 9,
          "column": 39
        }
      },
      "4": {
        "start": {
          "line": 10,
          "column": 2
        },
        "end": {
          "line": 10,
          "column": 39
        }
      },
      "5": {
        "start": {
          "line": 11,
          "column": 2
        },
        "end": {
          "line": 13,
          "column": 4
        }
      },
      "6": {
        "start": {
          "line": 12,
          "column": 4
        },
        "end": {
          "line": 12,
          "column": 146
        }
      },
      "7": {
        "start": {
          "line": 14,
          "column": 2
        },
        "end": {
          "line": 14,
          "column": 75
        }
      },
      "8": {
        "start": {
          "line": 16,
          "column": 9
        },
        "end": {
          "line": 16,
          "column": 23
        }
      },
      "9": {
        "start": {
          "line": 21,
          "column": 2
        },
        "end": {
          "line": 21,
          "column": 7
        }
      },
      "10": {
        "start": {
          "line": 22,
          "column": 28
        },
        "end": {
          "line": 22,
          "column": 91
        }
      },
      "11": {
        "start": {
          "line": 22,
          "column": 54
        },
        "end": {
          "line": 22,
          "column": 90
        }
      },
      "12": {
        "start": {
          "line": 26,
          "column": 6
        },
        "end": {
          "line": 28,
          "column": 4
        }
      },
      "13": {
        "start": {
          "line": 29,
          "column": 19
        },
        "end": {
          "line": 29,
          "column": 35
        }
      },
      "14": {
        "start": {
          "line": 30,
          "column": 29
        },
        "end": {
          "line": 32,
          "column": 3
        }
      },
      "15": {
        "start": {
          "line": 31,
          "column": 4
        },
        "end": {
          "line": 31,
          "column": 55
        }
      },
      "16": {
        "start": {
          "line": 33,
          "column": 2
        },
        "end": {
          "line": 48,
          "column": 11
        }
      },
      "17": {
        "start": {
          "line": 50,
          "column": 0
        },
        "end": {
          "line": 52,
          "column": 3
        }
      },
      "18": {
        "start": {
          "line": 51,
          "column": 2
        },
        "end": {
          "line": 51,
          "column": 51
        }
      },
      "19": {
        "start": {
          "line": 53,
          "column": 0
        },
        "end": {
          "line": 53,
          "column": 15
        }
      },
      "20": {
        "start": {
          "line": 56,
          "column": 0
        },
        "end": {
          "line": 56,
          "column": 30
        }
      },
      "21": {
        "start": {
          "line": 57,
          "column": 0
        },
        "end": {
          "line": 73,
          "column": 1
        }
      },
      "22": {
        "start": {
          "line": 58,
          "column": 2
        },
        "end": {
          "line": 58,
          "column": 39
        }
      },
      "23": {
        "start": {
          "line": 59,
          "column": 2
        },
        "end": {
          "line": 59,
          "column": 39
        }
      },
      "24": {
        "start": {
          "line": 60,
          "column": 2
        },
        "end": {
          "line": 72,
          "column": 5
        }
      },
      "25": {
        "start": {
          "line": 64,
          "column": 4
        },
        "end": {
          "line": 64,
          "column": 172
        }
      },
      "26": {
        "start": {
          "line": 65,
          "column": 4
        },
        "end": {
          "line": 71,
          "column": 7
        }
      },
      "27": {
        "start": {
          "line": 66,
          "column": 6
        },
        "end": {
          "line": 67,
          "column": 15
        }
      },
      "28": {
        "start": {
          "line": 67,
          "column": 8
        },
        "end": {
          "line": 67,
          "column": 15
        }
      },
      "29": {
        "start": {
          "line": 68,
          "column": 32
        },
        "end": {
          "line": 68,
          "column": 115
        }
      },
      "30": {
        "start": {
          "line": 69,
          "column": 6
        },
        "end": {
          "line": 70,
          "column": 54
        }
      },
      "31": {
        "start": {
          "line": 70,
          "column": 8
        },
        "end": {
          "line": 70,
          "column": 54
        }
      }
    },
    "fnMap": {
      "0": {
        "name": "(anonymous_0)",
        "decl": {
          "start": {
            "line": 11,
            "column": 24
          },
          "end": {
            "line": 11,
            "column": 25
          }
        },
        "loc": {
          "start": {
            "line": 11,
            "column": 38
          },
          "end": {
            "line": 13,
            "column": 3
          }
        },
        "line": 11
      },
      "1": {
        "name": "SearchBar",
        "decl": {
          "start": {
            "line": 20,
            "column": 9
          },
          "end": {
            "line": 20,
            "column": 18
          }
        },
        "loc": {
          "start": {
            "line": 20,
            "column": 21
          },
          "end": {
            "line": 49,
            "column": 1
          }
        },
        "line": 20
      },
      "2": {
        "name": "(anonymous_2)",
        "decl": {
          "start": {
            "line": 22,
            "column": 43
          },
          "end": {
            "line": 22,
            "column": 44
          }
        },
        "loc": {
          "start": {
            "line": 22,
            "column": 54
          },
          "end": {
            "line": 22,
            "column": 90
          }
        },
        "line": 22
      },
      "3": {
        "name": "(anonymous_3)",
        "decl": {
          "start": {
            "line": 30,
            "column": 29
          },
          "end": {
            "line": 30,
            "column": 30
          }
        },
        "loc": {
          "start": {
            "line": 30,
            "column": 45
          },
          "end": {
            "line": 32,
            "column": 3
          }
        },
        "line": 30
      },
      "4": {
        "name": "(anonymous_4)",
        "decl": {
          "start": {
            "line": 50,
            "column": 53
          },
          "end": {
            "line": 50,
            "column": 54
          }
        },
        "loc": {
          "start": {
            "line": 50,
            "column": 64
          },
          "end": {
            "line": 52,
            "column": 1
          }
        },
        "line": 50
      },
      "5": {
        "name": "(anonymous_5)",
        "decl": {
          "start": {
            "line": 63,
            "column": 9
          },
          "end": {
            "line": 63,
            "column": 10
          }
        },
        "loc": {
          "start": {
            "line": 63,
            "column": 29
          },
          "end": {
            "line": 72,
            "column": 3
          }
        },
        "line": 63
      },
      "6": {
        "name": "(anonymous_6)",
        "decl": {
          "start": {
            "line": 65,
            "column": 27
          },
          "end": {
            "line": 65,
            "column": 28
          }
        },
        "loc": {
          "start": {
            "line": 65,
            "column": 44
          },
          "end": {
            "line": 71,
            "column": 5
          }
        },
        "line": 65
      }
    },
    "branchMap": {
      "0": {
        "loc": {
          "start": {
            "line": 5,
            "column": 0
          },
          "end": {
            "line": 15,
            "column": 1
          }
        },
        "type": "if",
        "locations": [
          {
            "start": {
              "line": 5,
              "column": 0
            },
            "end": {
              "line": 15,
              "column": 1
            }
          },
          {
            "start": {},
            "end": {}
          }
        ],
        "line": 5
      },
      "1": {
        "loc": {
          "start": {
            "line": 6,
            "column": 2
          },
          "end": {
            "line": 8,
            "column": 3
          }
        },
        "type": "if",
        "locations": [
          {
            "start": {
              "line": 6,
              "column": 2
            },
            "end": {
              "line": 8,
              "column": 3
            }
          },
          {
            "start": {},
            "end": {}
          }
        ],
        "line": 6
      },
      "2": {
        "loc": {
          "start": {
            "line": 57,
            "column": 0
          },
          "end": {
            "line": 73,
            "column": 1
          }
        },
        "type": "if",
        "locations": [
          {
            "start": {
              "line": 57,
              "column": 0
            },
            "end": {
              "line": 73,
              "column": 1
            }
          },
          {
            "start": {},
            "end": {}
          }
        ],
        "line": 57
      },
      "3": {
        "loc": {
          "start": {
            "line": 66,
            "column": 6
          },
          "end": {
            "line": 67,
            "column": 15
          }
        },
        "type": "if",
        "locations": [
          {
            "start": {
              "line": 66,
              "column": 6
            },
            "end": {
              "line": 67,
              "column": 15
            }
          },
          {
            "start": {},
            "end": {}
          }
        ],
        "line": 66
      },
      "4": {
        "loc": {
          "start": {
            "line": 69,
            "column": 6
          },
          "end": {
            "line": 70,
            "column": 54
          }
        },
        "type": "if",
        "locations": [
          {
            "start": {
              "line": 69,
              "column": 6
            },
            "end": {
              "line": 70,
              "column": 54
            }
          },
          {
            "start": {},
            "end": {}
          }
        ],
        "line": 69
      }
    },
    "s": {
      "0": 83,
      "1": 83,
      "2": 0,
      "3": 83,
      "4": 83,
      "5": 83,
      "6": 83,
      "7": 83,
      "8": 83,
      "9": 198,
      "10": 198,
      "11": 649,
      "12": 198,
      "13": 198,
      "14": 198,
      "15": 22,
      "16": 198,
      "17": 83,
      "18": 33,
      "19": 83,
      "20": 83,
      "21": 83,
      "22": 83,
      "23": 83,
      "24": 83,
      "25": 51,
      "26": 51,
      "27": 0,
      "28": 0,
      "29": 0,
      "30": 0,
      "31": 0
    },
    "f": {
      "0": 83,
      "1": 198,
      "2": 649,
      "3": 22,
      "4": 33,
      "5": 51,
      "6": 0
    },
    "b": {
      "0": [
        83,
        0
      ],
      "1": [
        0,
        83
      ],
      "2": [
        83,
        0
      ],
      "3": [
        0,
        0
      ],
      "4": [
        0,
        0
      ]
    },
    "inputSourceMap": {
      "version": 3,
      "mappings": "AAsBM;;;;;;;;;;;;;;;;AAtBN,SAASA,eAAe;AACxB,SAASC,gBAAgBC,sBAAsB;AAC/C,SAASC,yBAAyB;AAMlC,SAASC,YAAY;AAAAC;AACnB,QAAMC,oBAAoBJ,eAAgBK,WAAUA,MAAMC,mBAAmBC,WAAW;AAExF,QAAM;AAAA,IAAEC;AAAAA,IAAUC;AAAAA,EAAa,IAAIX,QAAoB;AAAA,IACrDY,MAAM;AAAA,EACR,CAAC;AACD,QAAMC,WAAWZ,eAAc;AAE/B,QAAMa,qBAAqBA,CAACC,eAA2B;AACrDF,aAASV,kBAAkBY,WAAWA,UAAU,CAAC;AAAA,EACnD;AAEA,SACE,uBAAC,UAAK,WAAU,iBAAgB,UAAUJ,aAAaG,kBAAkB,GACvE;AAAA,2BAAC,SAAI,KAAI,oBAAmB,KAAI,qBAAhC;AAAA;AAAA;AAAA;AAAA,WAAiD;AAAA,IACjD,uBAAC,WACC,GAAIJ,SAAS,YAAY,GACzB,aAAY,qBACZ,MAAK,QACL,cAAcJ,qBAJhB;AAAA;AAAA;AAAA;AAAA,WAIkC;AAAA,OANpC;AAAA;AAAA;AAAA;AAAA,SAQA;AAEJ;AAACD,GAvBQD,WAAS;AAAA,UACUF,gBAESF,SAGlBC,cAAc;AAAA;AAAAe,KANxBZ;AAyBT,eAAeA;AAAU;AAAAa",
      "names": [
        "useForm",
        "useAppDispatch",
        "useAppSelector",
        "updateSearchValue",
        "SearchBar",
        "_s",
        "initialInputValue",
        "state",
        "searchValueReducer",
        "searchValue",
        "register",
        "handleSubmit",
        "mode",
        "dispatch",
        "onSubmitInputValue",
        "inputValue",
        "_c",
        "$RefreshReg$"
      ],
      "sources": [
        "F:/isProgrammer/react learning/RS-School-React/react-components/src/components/searchBar/searchBar.tsx"
      ],
      "file": "F:/isProgrammer/react learning/RS-School-React/react-components/src/components/searchBar/searchBar.tsx"
    },
    "_coverageSchema": "1a1c01bbd47fc00a2c39e90264f33305004495a9",
    "hash": "27c9cd286621813b72419e9550f378d914507d92"
  },
  "F:/isProgrammer/react learning/RS-School-React/react-components/src/components/shortCard/shortCard.tsx": {
    "path": "F:/isProgrammer/react learning/RS-School-React/react-components/src/components/shortCard/shortCard.tsx",
    "statementMap": {
      "0": {
        "start": {
          "line": 5,
          "column": 0
        },
        "end": {
          "line": 15,
          "column": 1
        }
      },
      "1": {
        "start": {
          "line": 6,
          "column": 2
        },
        "end": {
          "line": 8,
          "column": 3
        }
      },
      "2": {
        "start": {
          "line": 7,
          "column": 4
        },
        "end": {
          "line": 7,
          "column": 165
        }
      },
      "3": {
        "start": {
          "line": 9,
          "column": 2
        },
        "end": {
          "line": 9,
          "column": 39
        }
      },
      "4": {
        "start": {
          "line": 10,
          "column": 2
        },
        "end": {
          "line": 10,
          "column": 39
        }
      },
      "5": {
        "start": {
          "line": 11,
          "column": 2
        },
        "end": {
          "line": 13,
          "column": 4
        }
      },
      "6": {
        "start": {
          "line": 12,
          "column": 4
        },
        "end": {
          "line": 12,
          "column": 146
        }
      },
      "7": {
        "start": {
          "line": 14,
          "column": 2
        },
        "end": {
          "line": 14,
          "column": 75
        }
      },
      "8": {
        "start": {
          "line": 20,
          "column": 2
        },
        "end": {
          "line": 43,
          "column": 11
        }
      },
      "9": {
        "start": {
          "line": 45,
          "column": 0
        },
        "end": {
          "line": 45,
          "column": 15
        }
      },
      "10": {
        "start": {
          "line": 48,
          "column": 0
        },
        "end": {
          "line": 48,
          "column": 30
        }
      },
      "11": {
        "start": {
          "line": 49,
          "column": 0
        },
        "end": {
          "line": 65,
          "column": 1
        }
      },
      "12": {
        "start": {
          "line": 50,
          "column": 2
        },
        "end": {
          "line": 50,
          "column": 39
        }
      },
      "13": {
        "start": {
          "line": 51,
          "column": 2
        },
        "end": {
          "line": 51,
          "column": 39
        }
      },
      "14": {
        "start": {
          "line": 52,
          "column": 2
        },
        "end": {
          "line": 64,
          "column": 5
        }
      },
      "15": {
        "start": {
          "line": 56,
          "column": 4
        },
        "end": {
          "line": 56,
          "column": 172
        }
      },
      "16": {
        "start": {
          "line": 57,
          "column": 4
        },
        "end": {
          "line": 63,
          "column": 7
        }
      },
      "17": {
        "start": {
          "line": 58,
          "column": 6
        },
        "end": {
          "line": 59,
          "column": 15
        }
      },
      "18": {
        "start": {
          "line": 59,
          "column": 8
        },
        "end": {
          "line": 59,
          "column": 15
        }
      },
      "19": {
        "start": {
          "line": 60,
          "column": 32
        },
        "end": {
          "line": 60,
          "column": 115
        }
      },
      "20": {
        "start": {
          "line": 61,
          "column": 6
        },
        "end": {
          "line": 62,
          "column": 54
        }
      },
      "21": {
        "start": {
          "line": 62,
          "column": 8
        },
        "end": {
          "line": 62,
          "column": 54
        }
      }
    },
    "fnMap": {
      "0": {
        "name": "(anonymous_0)",
        "decl": {
          "start": {
            "line": 11,
            "column": 24
          },
          "end": {
            "line": 11,
            "column": 25
          }
        },
        "loc": {
          "start": {
            "line": 11,
            "column": 38
          },
          "end": {
            "line": 13,
            "column": 3
          }
        },
        "line": 11
      },
      "1": {
        "name": "ShortCard",
        "decl": {
          "start": {
            "line": 16,
            "column": 9
          },
          "end": {
            "line": 16,
            "column": 18
          }
        },
        "loc": {
          "start": {
            "line": 19,
            "column": 3
          },
          "end": {
            "line": 44,
            "column": 1
          }
        },
        "line": 19
      },
      "2": {
        "name": "(anonymous_2)",
        "decl": {
          "start": {
            "line": 55,
            "column": 9
          },
          "end": {
            "line": 55,
            "column": 10
          }
        },
        "loc": {
          "start": {
            "line": 55,
            "column": 29
          },
          "end": {
            "line": 64,
            "column": 3
          }
        },
        "line": 55
      },
      "3": {
        "name": "(anonymous_3)",
        "decl": {
          "start": {
            "line": 57,
            "column": 27
          },
          "end": {
            "line": 57,
            "column": 28
          }
        },
        "loc": {
          "start": {
            "line": 57,
            "column": 44
          },
          "end": {
            "line": 63,
            "column": 5
          }
        },
        "line": 57
      }
    },
    "branchMap": {
      "0": {
        "loc": {
          "start": {
            "line": 5,
            "column": 0
          },
          "end": {
            "line": 15,
            "column": 1
          }
        },
        "type": "if",
        "locations": [
          {
            "start": {
              "line": 5,
              "column": 0
            },
            "end": {
              "line": 15,
              "column": 1
            }
          },
          {
            "start": {},
            "end": {}
          }
        ],
        "line": 5
      },
      "1": {
        "loc": {
          "start": {
            "line": 6,
            "column": 2
          },
          "end": {
            "line": 8,
            "column": 3
          }
        },
        "type": "if",
        "locations": [
          {
            "start": {
              "line": 6,
              "column": 2
            },
            "end": {
              "line": 8,
              "column": 3
            }
          },
          {
            "start": {},
            "end": {}
          }
        ],
        "line": 6
      },
      "2": {
        "loc": {
          "start": {
            "line": 49,
            "column": 0
          },
          "end": {
            "line": 65,
            "column": 1
          }
        },
        "type": "if",
        "locations": [
          {
            "start": {
              "line": 49,
              "column": 0
            },
            "end": {
              "line": 65,
              "column": 1
            }
          },
          {
            "start": {},
            "end": {}
          }
        ],
        "line": 49
      },
      "3": {
        "loc": {
          "start": {
            "line": 58,
            "column": 6
          },
          "end": {
            "line": 59,
            "column": 15
          }
        },
        "type": "if",
        "locations": [
          {
            "start": {
              "line": 58,
              "column": 6
            },
            "end": {
              "line": 59,
              "column": 15
            }
          },
          {
            "start": {},
            "end": {}
          }
        ],
        "line": 58
      },
      "4": {
        "loc": {
          "start": {
            "line": 61,
            "column": 6
          },
          "end": {
            "line": 62,
            "column": 54
          }
        },
        "type": "if",
        "locations": [
          {
            "start": {
              "line": 61,
              "column": 6
            },
            "end": {
              "line": 62,
              "column": 54
            }
          },
          {
            "start": {},
            "end": {}
          }
        ],
        "line": 61
      }
    },
    "s": {
      "0": 83,
      "1": 83,
      "2": 0,
      "3": 83,
      "4": 83,
      "5": 83,
      "6": 83,
      "7": 83,
      "8": 660,
      "9": 83,
      "10": 83,
      "11": 83,
      "12": 83,
      "13": 83,
      "14": 83,
      "15": 51,
      "16": 51,
      "17": 0,
      "18": 0,
      "19": 0,
      "20": 0,
      "21": 0
    },
    "f": {
      "0": 83,
      "1": 660,
      "2": 51,
      "3": 0
    },
    "b": {
      "0": [
        83,
        0
      ],
      "1": [
        0,
        83
      ],
      "2": [
        83,
        0
      ],
      "3": [
        0,
        0
      ],
      "4": [
        0,
        0
      ]
    },
    "inputSourceMap": {
      "version": 3,
      "mappings": "AASQ;AATR,OAAKA,oBAAiB;AAAA;AAAA;AAAA;AAAA;AAAA;AAAA;AAAA;AAAA;AAAA;AAAA;AAAA;AAAA;AAAA;AAKtB,SAASC,UAAU;AAAA,EAAEC;AAAAA,EAAMC;AAAsB,GAAG;AAClD,SACE,uBAAC,SAAI,WAAU,wBACb;AAAA,2BAAC,SAAI,WAAU,4BACb,iCAAC,SAAI,KAAKA,OAAO,KAAKD,QAAtB;AAAA;AAAA;AAAA;AAAA,WAA2B,KAD7B;AAAA;AAAA;AAAA;AAAA,WAEA;AAAA,IACA,uBAAC,SAAI,WAAU,uBACb,iCAAC,SAAI,eAAY,eAAc,WAAU,eACtCA,kBADH;AAAA;AAAA;AAAA;AAAA,WAEA,KAHF;AAAA;AAAA;AAAA;AAAA,WAIA;AAAA,OARF;AAAA;AAAA;AAAA;AAAA,SASA;AAEJ;AAACE,KAbQH;AAeT,eAAeA;AAAU;AAAAI",
      "names": [
        "ShortCardProps",
        "ShortCard",
        "name",
        "image",
        "_c",
        "$RefreshReg$"
      ],
      "sources": [
        "F:/isProgrammer/react learning/RS-School-React/react-components/src/components/shortCard/shortCard.tsx"
      ],
      "file": "F:/isProgrammer/react learning/RS-School-React/react-components/src/components/shortCard/shortCard.tsx"
    },
    "_coverageSchema": "1a1c01bbd47fc00a2c39e90264f33305004495a9",
    "hash": "7b7bdfd6c28fe0ebd20dd07f2e47b1b793dca5ca"
  },
  "F:/isProgrammer/react learning/RS-School-React/react-components/src/components/modal/modal.tsx": {
    "path": "F:/isProgrammer/react learning/RS-School-React/react-components/src/components/modal/modal.tsx",
    "statementMap": {
      "0": {
        "start": {
          "line": 5,
          "column": 0
        },
        "end": {
          "line": 15,
          "column": 1
        }
      },
      "1": {
        "start": {
          "line": 6,
          "column": 2
        },
        "end": {
          "line": 8,
          "column": 3
        }
      },
      "2": {
        "start": {
          "line": 7,
          "column": 4
        },
        "end": {
          "line": 7,
          "column": 165
        }
      },
      "3": {
        "start": {
          "line": 9,
          "column": 2
        },
        "end": {
          "line": 9,
          "column": 39
        }
      },
      "4": {
        "start": {
          "line": 10,
          "column": 2
        },
        "end": {
          "line": 10,
          "column": 39
        }
      },
      "5": {
        "start": {
          "line": 11,
          "column": 2
        },
        "end": {
          "line": 13,
          "column": 4
        }
      },
      "6": {
        "start": {
          "line": 12,
          "column": 4
        },
        "end": {
          "line": 12,
          "column": 138
        }
      },
      "7": {
        "start": {
          "line": 14,
          "column": 2
        },
        "end": {
          "line": 14,
          "column": 75
        }
      },
      "8": {
        "start": {
          "line": 16,
          "column": 9
        },
        "end": {
          "line": 16,
          "column": 23
        }
      },
      "9": {
        "start": {
          "line": 21,
          "column": 2
        },
        "end": {
          "line": 21,
          "column": 7
        }
      },
      "10": {
        "start": {
          "line": 22,
          "column": 19
        },
        "end": {
          "line": 22,
          "column": 35
        }
      },
      "11": {
        "start": {
          "line": 23,
          "column": 24
        },
        "end": {
          "line": 23,
          "column": 91
        }
      },
      "12": {
        "start": {
          "line": 23,
          "column": 50
        },
        "end": {
          "line": 23,
          "column": 90
        }
      },
      "13": {
        "start": {
          "line": 24,
          "column": 24
        },
        "end": {
          "line": 24,
          "column": 97
        }
      },
      "14": {
        "start": {
          "line": 24,
          "column": 50
        },
        "end": {
          "line": 24,
          "column": 96
        }
      },
      "15": {
        "start": {
          "line": 28,
          "column": 6
        },
        "end": {
          "line": 28,
          "column": 41
        }
      },
      "16": {
        "start": {
          "line": 29,
          "column": 2
        },
        "end": {
          "line": 129,
          "column": 11
        }
      },
      "17": {
        "start": {
          "line": 30,
          "column": 4
        },
        "end": {
          "line": 33,
          "column": 8
        }
      },
      "18": {
        "start": {
          "line": 38,
          "column": 94
        },
        "end": {
          "line": 38,
          "column": 117
        }
      },
      "19": {
        "start": {
          "line": 40,
          "column": 6
        },
        "end": {
          "line": 43,
          "column": 10
        }
      },
      "20": {
        "start": {
          "line": 131,
          "column": 0
        },
        "end": {
          "line": 133,
          "column": 3
        }
      },
      "21": {
        "start": {
          "line": 132,
          "column": 2
        },
        "end": {
          "line": 132,
          "column": 80
        }
      },
      "22": {
        "start": {
          "line": 134,
          "column": 0
        },
        "end": {
          "line": 134,
          "column": 11
        }
      },
      "23": {
        "start": {
          "line": 137,
          "column": 0
        },
        "end": {
          "line": 137,
          "column": 26
        }
      },
      "24": {
        "start": {
          "line": 138,
          "column": 0
        },
        "end": {
          "line": 154,
          "column": 1
        }
      },
      "25": {
        "start": {
          "line": 139,
          "column": 2
        },
        "end": {
          "line": 139,
          "column": 39
        }
      },
      "26": {
        "start": {
          "line": 140,
          "column": 2
        },
        "end": {
          "line": 140,
          "column": 39
        }
      },
      "27": {
        "start": {
          "line": 141,
          "column": 2
        },
        "end": {
          "line": 153,
          "column": 5
        }
      },
      "28": {
        "start": {
          "line": 145,
          "column": 4
        },
        "end": {
          "line": 145,
          "column": 164
        }
      },
      "29": {
        "start": {
          "line": 146,
          "column": 4
        },
        "end": {
          "line": 152,
          "column": 7
        }
      },
      "30": {
        "start": {
          "line": 147,
          "column": 6
        },
        "end": {
          "line": 148,
          "column": 15
        }
      },
      "31": {
        "start": {
          "line": 148,
          "column": 8
        },
        "end": {
          "line": 148,
          "column": 15
        }
      },
      "32": {
        "start": {
          "line": 149,
          "column": 32
        },
        "end": {
          "line": 149,
          "column": 115
        }
      },
      "33": {
        "start": {
          "line": 150,
          "column": 6
        },
        "end": {
          "line": 151,
          "column": 54
        }
      },
      "34": {
        "start": {
          "line": 151,
          "column": 8
        },
        "end": {
          "line": 151,
          "column": 54
        }
      }
    },
    "fnMap": {
      "0": {
        "name": "(anonymous_0)",
        "decl": {
          "start": {
            "line": 11,
            "column": 24
          },
          "end": {
            "line": 11,
            "column": 25
          }
        },
        "loc": {
          "start": {
            "line": 11,
            "column": 38
          },
          "end": {
            "line": 13,
            "column": 3
          }
        },
        "line": 11
      },
      "1": {
        "name": "Modal",
        "decl": {
          "start": {
            "line": 20,
            "column": 9
          },
          "end": {
            "line": 20,
            "column": 14
          }
        },
        "loc": {
          "start": {
            "line": 20,
            "column": 17
          },
          "end": {
            "line": 130,
            "column": 1
          }
        },
        "line": 20
      },
      "2": {
        "name": "(anonymous_2)",
        "decl": {
          "start": {
            "line": 23,
            "column": 39
          },
          "end": {
            "line": 23,
            "column": 40
          }
        },
        "loc": {
          "start": {
            "line": 23,
            "column": 50
          },
          "end": {
            "line": 23,
            "column": 90
          }
        },
        "line": 23
      },
      "3": {
        "name": "(anonymous_3)",
        "decl": {
          "start": {
            "line": 24,
            "column": 39
          },
          "end": {
            "line": 24,
            "column": 40
          }
        },
        "loc": {
          "start": {
            "line": 24,
            "column": 50
          },
          "end": {
            "line": 24,
            "column": 96
          }
        },
        "line": 24
      },
      "4": {
        "name": "(anonymous_4)",
        "decl": {
          "start": {
            "line": 29,
            "column": 163
          },
          "end": {
            "line": 29,
            "column": 164
          }
        },
        "loc": {
          "start": {
            "line": 29,
            "column": 169
          },
          "end": {
            "line": 34,
            "column": 3
          }
        },
        "line": 29
      },
      "5": {
        "name": "(anonymous_5)",
        "decl": {
          "start": {
            "line": 38,
            "column": 83
          },
          "end": {
            "line": 38,
            "column": 84
          }
        },
        "loc": {
          "start": {
            "line": 38,
            "column": 94
          },
          "end": {
            "line": 38,
            "column": 117
          }
        },
        "line": 38
      },
      "6": {
        "name": "(anonymous_6)",
        "decl": {
          "start": {
            "line": 39,
            "column": 72
          },
          "end": {
            "line": 39,
            "column": 73
          }
        },
        "loc": {
          "start": {
            "line": 39,
            "column": 78
          },
          "end": {
            "line": 44,
            "column": 5
          }
        },
        "line": 39
      },
      "7": {
        "name": "(anonymous_7)",
        "decl": {
          "start": {
            "line": 131,
            "column": 49
          },
          "end": {
            "line": 131,
            "column": 50
          }
        },
        "loc": {
          "start": {
            "line": 131,
            "column": 60
          },
          "end": {
            "line": 133,
            "column": 1
          }
        },
        "line": 131
      },
      "8": {
        "name": "(anonymous_8)",
        "decl": {
          "start": {
            "line": 144,
            "column": 9
          },
          "end": {
            "line": 144,
            "column": 10
          }
        },
        "loc": {
          "start": {
            "line": 144,
            "column": 29
          },
          "end": {
            "line": 153,
            "column": 3
          }
        },
        "line": 144
      },
      "9": {
        "name": "(anonymous_9)",
        "decl": {
          "start": {
            "line": 146,
            "column": 27
          },
          "end": {
            "line": 146,
            "column": 28
          }
        },
        "loc": {
          "start": {
            "line": 146,
            "column": 44
          },
          "end": {
            "line": 152,
            "column": 5
          }
        },
        "line": 146
      }
    },
    "branchMap": {
      "0": {
        "loc": {
          "start": {
            "line": 5,
            "column": 0
          },
          "end": {
            "line": 15,
            "column": 1
          }
        },
        "type": "if",
        "locations": [
          {
            "start": {
              "line": 5,
              "column": 0
            },
            "end": {
              "line": 15,
              "column": 1
            }
          },
          {
            "start": {},
            "end": {}
          }
        ],
        "line": 5
      },
      "1": {
        "loc": {
          "start": {
            "line": 6,
            "column": 2
          },
          "end": {
            "line": 8,
            "column": 3
          }
        },
        "type": "if",
        "locations": [
          {
            "start": {
              "line": 6,
              "column": 2
            },
            "end": {
              "line": 8,
              "column": 3
            }
          },
          {
            "start": {},
            "end": {}
          }
        ],
        "line": 6
      },
      "2": {
        "loc": {
          "start": {
            "line": 29,
            "column": 86
          },
          "end": {
            "line": 29,
            "column": 152
          }
        },
        "type": "cond-expr",
        "locations": [
          {
            "start": {
              "line": 29,
              "column": 102
            },
            "end": {
              "line": 29,
              "column": 132
            }
          },
          {
            "start": {
              "line": 29,
              "column": 135
            },
            "end": {
              "line": 29,
              "column": 152
            }
          }
        ],
        "line": 29
      },
      "3": {
        "loc": {
          "start": {
            "line": 34,
            "column": 38
          },
          "end": {
            "line": 125,
            "column": 10
          }
        },
        "type": "cond-expr",
        "locations": [
          {
            "start": {
              "line": 34,
              "column": 67
            },
            "end": {
              "line": 38,
              "column": 10
            }
          },
          {
            "start": {
              "line": 38,
              "column": 29
            },
            "end": {
              "line": 125,
              "column": 10
            }
          }
        ],
        "line": 34
      },
      "4": {
        "loc": {
          "start": {
            "line": 108,
            "column": 6
          },
          "end": {
            "line": 115,
            "column": 14
          }
        },
        "type": "binary-expr",
        "locations": [
          {
            "start": {
              "line": 108,
              "column": 6
            },
            "end": {
              "line": 108,
              "column": 16
            }
          },
          {
            "start": {
              "line": 108,
              "column": 36
            },
            "end": {
              "line": 115,
              "column": 14
            }
          }
        ],
        "line": 108
      },
      "5": {
        "loc": {
          "start": {
            "line": 138,
            "column": 0
          },
          "end": {
            "line": 154,
            "column": 1
          }
        },
        "type": "if",
        "locations": [
          {
            "start": {
              "line": 138,
              "column": 0
            },
            "end": {
              "line": 154,
              "column": 1
            }
          },
          {
            "start": {},
            "end": {}
          }
        ],
        "line": 138
      },
      "6": {
        "loc": {
          "start": {
            "line": 147,
            "column": 6
          },
          "end": {
            "line": 148,
            "column": 15
          }
        },
        "type": "if",
        "locations": [
          {
            "start": {
              "line": 147,
              "column": 6
            },
            "end": {
              "line": 148,
              "column": 15
            }
          },
          {
            "start": {},
            "end": {}
          }
        ],
        "line": 147
      },
      "7": {
        "loc": {
          "start": {
            "line": 150,
            "column": 6
          },
          "end": {
            "line": 151,
            "column": 54
          }
        },
        "type": "if",
        "locations": [
          {
            "start": {
              "line": 150,
              "column": 6
            },
            "end": {
              "line": 151,
              "column": 54
            }
          },
          {
            "start": {},
            "end": {}
          }
        ],
        "line": 150
      }
    },
    "s": {
      "0": 83,
      "1": 83,
      "2": 0,
      "3": 83,
      "4": 83,
      "5": 83,
      "6": 83,
      "7": 83,
      "8": 83,
      "9": 253,
      "10": 253,
      "11": 253,
      "12": 696,
      "13": 253,
      "14": 696,
      "15": 253,
      "16": 253,
      "17": 0,
      "18": 11,
      "19": 11,
      "20": 83,
      "21": 33,
      "22": 83,
      "23": 83,
      "24": 83,
      "25": 83,
      "26": 83,
      "27": 83,
      "28": 51,
      "29": 51,
      "30": 0,
      "31": 0,
      "32": 0,
      "33": 0,
      "34": 0
    },
    "f": {
      "0": 83,
      "1": 253,
      "2": 696,
      "3": 696,
      "4": 0,
      "5": 11,
      "6": 11,
      "7": 33,
      "8": 51,
      "9": 0
    },
    "b": {
      "0": [
        83,
        0
      ],
      "1": [
        0,
        83
      ],
      "2": [
        11,
        242
      ],
      "3": [
        96,
        157
      ],
      "4": [
        157,
        0
      ],
      "5": [
        83,
        0
      ],
      "6": [
        0,
        0
      ],
      "7": [
        0,
        0
      ]
    },
    "inputSourceMap": {
      "version": 3,
      "mappings": "AAoBQ;;;;;;;;;;;;;;;;AAnBR,SAASA,4BAA4B;AACrC,SAASC,gBAAgBC,sBAAsB;AAC/C,SAASC,2BAA2B;AAEpC,SAASC,QAAQ;AAAAC;AACf,QAAMC,WAAWL,eAAc;AAC/B,QAAMM,gBAAgBL,eAAgBM,WAAUA,MAAMC,gCAAgCC,EAAE;AACxF,QAAMC,gBAAgBT,eAAgBM,WAAUA,MAAMC,gCAAgCG,QAAQ;AAC9F,QAAM;AAAA,IAAEC;AAAAA,IAAMC;AAAAA,EAAW,IAAId,qBAAqBO,aAAa;AAC/D,SACE,uBAAC,SACC,eAAY,mBACZ,WAAWI,gBAAgB,iCAAiC,mBAC5D,SAAS,MAAM;AACbL,aAASH,oBAAoB;AAAA,MAAEO,IAAIH;AAAAA,MAAeK,UAAU;AAAA,IAAM,CAAC,CAAC;AAAA,EACtE,GACA,eAAY,QAEXE,uBACC,uBAAC,SAAI,0BAAL;AAAA;AAAA;AAAA;AAAA,SAAe,IAEf,uBAAC,SACC,WAAU,kBACV,SAAUC,WAAUA,MAAMC,gBAAe,GACzC,eAAY,QAEZ;AAAA,2BAAC,SACC,WAAU,gBACV,SAAS,MAAM;AACbV,eAASH,oBAAoB;AAAA,QAAEO,IAAIH;AAAAA,QAAeK,UAAU;AAAA,MAAM,CAAC,CAAC;AAAA,IACtE,GACA,eAAY,QAEZ,iCAAC,SAAI,KAAI,sBAAqB,KAAI,kBAAlC;AAAA;AAAA;AAAA;AAAA,WAAgD,KAPlD;AAAA;AAAA;AAAA;AAAA,WAQA;AAAA,IACA,uBAAC,SAAI,WAAU,sBACb,iCAAC,SAAI,KAAKC,MAAMI,OAAO,KAAKJ,MAAMK,QAAlC;AAAA;AAAA;AAAA;AAAA,WAAuC,KADzC;AAAA;AAAA;AAAA;AAAA,WAEA;AAAA,IACA,uBAAC,SAAI,WAAU,uBACb;AAAA,6BAAC,SAAI,eAAY,eAAc,WAAU,eACtCL,gBAAMK,QADT;AAAA;AAAA;AAAA;AAAA,aAEA;AAAA,MACA,uBAAC,SAAI,WAAU,aAAY;AAAA;AAAA,QAAUL,MAAMM;AAAAA,WAA3C;AAAA;AAAA;AAAA;AAAA,aAAmD;AAAA,MACnD,uBAAC,SAAI,WAAU,aAAY;AAAA;AAAA,QAASN,MAAMO;AAAAA,WAA1C;AAAA;AAAA;AAAA;AAAA,aAAiD;AAAA,MACjD,uBAAC,SAAI,WAAU,aAAY;AAAA;AAAA,QAAWP,MAAMQ,SAASH;AAAAA,WAArD;AAAA;AAAA;AAAA;AAAA,aAA0D;AAAA,MAC1D,uBAAC,SAAI,WAAU,aAAY;AAAA;AAAA,QAAUL,MAAMS;AAAAA,WAA3C;AAAA;AAAA;AAAA;AAAA,aAAmD;AAAA,MACnD,uBAAC,SAAI,WAAU,aAAY;AAAA;AAAA,QAAST,MAAMU;AAAAA,WAA1C;AAAA;AAAA;AAAA;AAAA,aAAiD;AAAA,MAChDV,MAAMW,QAAQ,uBAAC,SAAI,WAAU,aAAY;AAAA;AAAA,QAAOX,MAAMW;AAAAA,WAAxC;AAAA;AAAA;AAAA;AAAA,aAA6C;AAAA,SAT9D;AAAA;AAAA;AAAA;AAAA,WAUA;AAAA,OA3BF;AAAA;AAAA;AAAA;AAAA,SA4BA,KAvCJ;AAAA;AAAA;AAAA;AAAA,SAyCA;AAEJ;AAACnB,GAjDQD,OAAK;AAAA,UACKH,gBACKC,gBACAA,gBACOF,oBAAoB;AAAA;AAAAyB,KAJ1CrB;AAmDT,eAAeA;AAAM;AAAAsB",
      "names": [
        "useGetCharacterQuery",
        "useAppDispatch",
        "useAppSelector",
        "updateCurrentCardId",
        "Modal",
        "_s",
        "dispatch",
        "currentCardId",
        "state",
        "updateCurrentCardIdSliceReducer",
        "id",
        "isModalActive",
        "isActive",
        "data",
        "isFetching",
        "event",
        "stopPropagation",
        "image",
        "name",
        "created",
        "gender",
        "location",
        "species",
        "status",
        "type",
        "_c",
        "$RefreshReg$"
      ],
      "sources": [
        "F:/isProgrammer/react learning/RS-School-React/react-components/src/components/modal/modal.tsx"
      ],
      "file": "F:/isProgrammer/react learning/RS-School-React/react-components/src/components/modal/modal.tsx"
    },
    "_coverageSchema": "1a1c01bbd47fc00a2c39e90264f33305004495a9",
    "hash": "85a4a747437636bcc7d13adfed4758afc03e5b07"
  },
  "F:/isProgrammer/react learning/RS-School-React/react-components/src/pages/main/main.tsx": {
    "path": "F:/isProgrammer/react learning/RS-School-React/react-components/src/pages/main/main.tsx",
    "statementMap": {
      "0": {
        "start": {
          "line": 5,
          "column": 0
        },
        "end": {
          "line": 15,
          "column": 1
        }
      },
      "1": {
        "start": {
          "line": 6,
          "column": 2
        },
        "end": {
          "line": 8,
          "column": 3
        }
      },
      "2": {
        "start": {
          "line": 7,
          "column": 4
        },
        "end": {
          "line": 7,
          "column": 165
        }
      },
      "3": {
        "start": {
          "line": 9,
          "column": 2
        },
        "end": {
          "line": 9,
          "column": 39
        }
      },
      "4": {
        "start": {
          "line": 10,
          "column": 2
        },
        "end": {
          "line": 10,
          "column": 39
        }
      },
      "5": {
        "start": {
          "line": 11,
          "column": 2
        },
        "end": {
          "line": 13,
          "column": 4
        }
      },
      "6": {
        "start": {
          "line": 12,
          "column": 4
        },
        "end": {
          "line": 12,
          "column": 131
        }
      },
      "7": {
        "start": {
          "line": 14,
          "column": 2
        },
        "end": {
          "line": 14,
          "column": 75
        }
      },
      "8": {
        "start": {
          "line": 16,
          "column": 9
        },
        "end": {
          "line": 16,
          "column": 23
        }
      },
      "9": {
        "start": {
          "line": 26,
          "column": 2
        },
        "end": {
          "line": 26,
          "column": 7
        }
      },
      "10": {
        "start": {
          "line": 27,
          "column": 22
        },
        "end": {
          "line": 27,
          "column": 85
        }
      },
      "11": {
        "start": {
          "line": 27,
          "column": 48
        },
        "end": {
          "line": 27,
          "column": 84
        }
      },
      "12": {
        "start": {
          "line": 33,
          "column": 6
        },
        "end": {
          "line": 33,
          "column": 40
        }
      },
      "13": {
        "start": {
          "line": 34,
          "column": 19
        },
        "end": {
          "line": 34,
          "column": 35
        }
      },
      "14": {
        "start": {
          "line": 35,
          "column": 25
        },
        "end": {
          "line": 35,
          "column": 85
        }
      },
      "15": {
        "start": {
          "line": 35,
          "column": 51
        },
        "end": {
          "line": 35,
          "column": 84
        }
      },
      "16": {
        "start": {
          "line": 36,
          "column": 2
        },
        "end": {
          "line": 48,
          "column": 53
        }
      },
      "17": {
        "start": {
          "line": 38,
          "column": 4
        },
        "end": {
          "line": 46,
          "column": 5
        }
      },
      "18": {
        "start": {
          "line": 39,
          "column": 6
        },
        "end": {
          "line": 45,
          "column": 9
        }
      },
      "19": {
        "start": {
          "line": 40,
          "column": 8
        },
        "end": {
          "line": 44,
          "column": 10
        }
      },
      "20": {
        "start": {
          "line": 47,
          "column": 4
        },
        "end": {
          "line": 47,
          "column": 54
        }
      },
      "21": {
        "start": {
          "line": 49,
          "column": 24
        },
        "end": {
          "line": 54,
          "column": 3
        }
      },
      "22": {
        "start": {
          "line": 50,
          "column": 4
        },
        "end": {
          "line": 53,
          "column": 8
        }
      },
      "23": {
        "start": {
          "line": 56,
          "column": 2
        },
        "end": {
          "line": 90,
          "column": 3
        }
      },
      "24": {
        "start": {
          "line": 57,
          "column": 4
        },
        "end": {
          "line": 61,
          "column": 13
        }
      },
      "25": {
        "start": {
          "line": 62,
          "column": 9
        },
        "end": {
          "line": 90,
          "column": 3
        }
      },
      "26": {
        "start": {
          "line": 63,
          "column": 4
        },
        "end": {
          "line": 71,
          "column": 13
        }
      },
      "27": {
        "start": {
          "line": 73,
          "column": 4
        },
        "end": {
          "line": 89,
          "column": 13
        }
      },
      "28": {
        "start": {
          "line": 74,
          "column": 6
        },
        "end": {
          "line": 84,
          "column": 15
        }
      },
      "29": {
        "start": {
          "line": 75,
          "column": 8
        },
        "end": {
          "line": 75,
          "column": 35
        }
      },
      "30": {
        "start": {
          "line": 91,
          "column": 2
        },
        "end": {
          "line": 111,
          "column": 11
        }
      },
      "31": {
        "start": {
          "line": 113,
          "column": 0
        },
        "end": {
          "line": 115,
          "column": 3
        }
      },
      "32": {
        "start": {
          "line": 114,
          "column": 2
        },
        "end": {
          "line": 114,
          "column": 81
        }
      },
      "33": {
        "start": {
          "line": 116,
          "column": 0
        },
        "end": {
          "line": 116,
          "column": 14
        }
      },
      "34": {
        "start": {
          "line": 119,
          "column": 0
        },
        "end": {
          "line": 119,
          "column": 29
        }
      },
      "35": {
        "start": {
          "line": 120,
          "column": 0
        },
        "end": {
          "line": 136,
          "column": 1
        }
      },
      "36": {
        "start": {
          "line": 121,
          "column": 2
        },
        "end": {
          "line": 121,
          "column": 39
        }
      },
      "37": {
        "start": {
          "line": 122,
          "column": 2
        },
        "end": {
          "line": 122,
          "column": 39
        }
      },
      "38": {
        "start": {
          "line": 123,
          "column": 2
        },
        "end": {
          "line": 135,
          "column": 5
        }
      },
      "39": {
        "start": {
          "line": 127,
          "column": 4
        },
        "end": {
          "line": 127,
          "column": 157
        }
      },
      "40": {
        "start": {
          "line": 128,
          "column": 4
        },
        "end": {
          "line": 134,
          "column": 7
        }
      },
      "41": {
        "start": {
          "line": 129,
          "column": 6
        },
        "end": {
          "line": 130,
          "column": 15
        }
      },
      "42": {
        "start": {
          "line": 130,
          "column": 8
        },
        "end": {
          "line": 130,
          "column": 15
        }
      },
      "43": {
        "start": {
          "line": 131,
          "column": 32
        },
        "end": {
          "line": 131,
          "column": 115
        }
      },
      "44": {
        "start": {
          "line": 132,
          "column": 6
        },
        "end": {
          "line": 133,
          "column": 54
        }
      },
      "45": {
        "start": {
          "line": 133,
          "column": 8
        },
        "end": {
          "line": 133,
          "column": 54
        }
      }
    },
    "fnMap": {
      "0": {
        "name": "(anonymous_0)",
        "decl": {
          "start": {
            "line": 11,
            "column": 24
          },
          "end": {
            "line": 11,
            "column": 25
          }
        },
        "loc": {
          "start": {
            "line": 11,
            "column": 38
          },
          "end": {
            "line": 13,
            "column": 3
          }
        },
        "line": 11
      },
      "1": {
        "name": "MainPage",
        "decl": {
          "start": {
            "line": 25,
            "column": 9
          },
          "end": {
            "line": 25,
            "column": 17
          }
        },
        "loc": {
          "start": {
            "line": 25,
            "column": 20
          },
          "end": {
            "line": 112,
            "column": 1
          }
        },
        "line": 25
      },
      "2": {
        "name": "(anonymous_2)",
        "decl": {
          "start": {
            "line": 27,
            "column": 37
          },
          "end": {
            "line": 27,
            "column": 38
          }
        },
        "loc": {
          "start": {
            "line": 27,
            "column": 48
          },
          "end": {
            "line": 27,
            "column": 84
          }
        },
        "line": 27
      },
      "3": {
        "name": "(anonymous_3)",
        "decl": {
          "start": {
            "line": 35,
            "column": 40
          },
          "end": {
            "line": 35,
            "column": 41
          }
        },
        "loc": {
          "start": {
            "line": 35,
            "column": 51
          },
          "end": {
            "line": 35,
            "column": 84
          }
        },
        "line": 35
      },
      "4": {
        "name": "(anonymous_4)",
        "decl": {
          "start": {
            "line": 36,
            "column": 12
          },
          "end": {
            "line": 36,
            "column": 13
          }
        },
        "loc": {
          "start": {
            "line": 36,
            "column": 18
          },
          "end": {
            "line": 48,
            "column": 3
          }
        },
        "line": 36
      },
      "5": {
        "name": "(anonymous_5)",
        "decl": {
          "start": {
            "line": 39,
            "column": 49
          },
          "end": {
            "line": 39,
            "column": 50
          }
        },
        "loc": {
          "start": {
            "line": 39,
            "column": 67
          },
          "end": {
            "line": 45,
            "column": 7
          }
        },
        "line": 39
      },
      "6": {
        "name": "(anonymous_6)",
        "decl": {
          "start": {
            "line": 49,
            "column": 24
          },
          "end": {
            "line": 49,
            "column": 25
          }
        },
        "loc": {
          "start": {
            "line": 49,
            "column": 32
          },
          "end": {
            "line": 54,
            "column": 3
          }
        },
        "line": 49
      },
      "7": {
        "name": "(anonymous_7)",
        "decl": {
          "start": {
            "line": 73,
            "column": 170
          },
          "end": {
            "line": 73,
            "column": 171
          }
        },
        "loc": {
          "start": {
            "line": 73,
            "column": 184
          },
          "end": {
            "line": 85,
            "column": 5
          }
        },
        "line": 73
      },
      "8": {
        "name": "(anonymous_8)",
        "decl": {
          "start": {
            "line": 74,
            "column": 54
          },
          "end": {
            "line": 74,
            "column": 55
          }
        },
        "loc": {
          "start": {
            "line": 74,
            "column": 60
          },
          "end": {
            "line": 76,
            "column": 7
          }
        },
        "line": 74
      },
      "9": {
        "name": "(anonymous_9)",
        "decl": {
          "start": {
            "line": 113,
            "column": 52
          },
          "end": {
            "line": 113,
            "column": 53
          }
        },
        "loc": {
          "start": {
            "line": 113,
            "column": 63
          },
          "end": {
            "line": 115,
            "column": 1
          }
        },
        "line": 113
      },
      "10": {
        "name": "(anonymous_10)",
        "decl": {
          "start": {
            "line": 126,
            "column": 9
          },
          "end": {
            "line": 126,
            "column": 10
          }
        },
        "loc": {
          "start": {
            "line": 126,
            "column": 29
          },
          "end": {
            "line": 135,
            "column": 3
          }
        },
        "line": 126
      },
      "11": {
        "name": "(anonymous_11)",
        "decl": {
          "start": {
            "line": 128,
            "column": 27
          },
          "end": {
            "line": 128,
            "column": 28
          }
        },
        "loc": {
          "start": {
            "line": 128,
            "column": 44
          },
          "end": {
            "line": 134,
            "column": 5
          }
        },
        "line": 128
      }
    },
    "branchMap": {
      "0": {
        "loc": {
          "start": {
            "line": 5,
            "column": 0
          },
          "end": {
            "line": 15,
            "column": 1
          }
        },
        "type": "if",
        "locations": [
          {
            "start": {
              "line": 5,
              "column": 0
            },
            "end": {
              "line": 15,
              "column": 1
            }
          },
          {
            "start": {},
            "end": {}
          }
        ],
        "line": 5
      },
      "1": {
        "loc": {
          "start": {
            "line": 6,
            "column": 2
          },
          "end": {
            "line": 8,
            "column": 3
          }
        },
        "type": "if",
        "locations": [
          {
            "start": {
              "line": 6,
              "column": 2
            },
            "end": {
              "line": 8,
              "column": 3
            }
          },
          {
            "start": {},
            "end": {}
          }
        ],
        "line": 6
      },
      "2": {
        "loc": {
          "start": {
            "line": 38,
            "column": 4
          },
          "end": {
            "line": 46,
            "column": 5
          }
        },
        "type": "if",
        "locations": [
          {
            "start": {
              "line": 38,
              "column": 4
            },
            "end": {
              "line": 46,
              "column": 5
            }
          },
          {
            "start": {},
            "end": {}
          }
        ],
        "line": 38
      },
      "3": {
        "loc": {
          "start": {
            "line": 56,
            "column": 2
          },
          "end": {
            "line": 90,
            "column": 3
          }
        },
        "type": "if",
        "locations": [
          {
            "start": {
              "line": 56,
              "column": 2
            },
            "end": {
              "line": 90,
              "column": 3
            }
          },
          {
            "start": {
              "line": 62,
              "column": 9
            },
[...]
      "21": {
        "start": {
          "line": 126,
          "column": 0
        },
        "end": {
          "line": 126,
          "column": 24
        }
      },
      "22": {
        "start": {
          "line": 127,
          "column": 0
        },
        "end": {
          "line": 143,
          "column": 1
        }
      },
      "23": {
        "start": {
          "line": 128,
          "column": 2
        },
        "end": {
          "line": 128,
          "column": 39
        }
      },
      "24": {
        "start": {
          "line": 129,
          "column": 2
        },
        "end": {
          "line": 129,
          "column": 39
        }
      },
      "25": {
        "start": {
          "line": 130,
          "column": 2
        },
        "end": {
          "line": 142,
          "column": 5
        }
      },
      "26": {
        "start": {
          "line": 134,
          "column": 4
        },
        "end": {
          "line": 134,
          "column": 145
        }
      },
      "27": {
        "start": {
          "line": 135,
          "column": 4
        },
        "end": {
          "line": 141,
          "column": 7
        }
      },
      "28": {
        "start": {
          "line": 136,
          "column": 6
        },
        "end": {
          "line": 137,
          "column": 15
        }
      },
      "29": {
        "start": {
          "line": 137,
          "column": 8
        },
        "end": {
          "line": 137,
          "column": 15
        }
      },
      "30": {
        "start": {
          "line": 138,
          "column": 32
        },
        "end": {
          "line": 138,
          "column": 115
        }
      },
      "31": {
        "start": {
          "line": 139,
          "column": 6
        },
        "end": {
          "line": 140,
          "column": 54
        }
      },
      "32": {
        "start": {
          "line": 140,
          "column": 8
        },
        "end": {
          "line": 140,
          "column": 54
        }
      }
    },
    "fnMap": {
      "0": {
        "name": "(anonymous_0)",
        "decl": {
          "start": {
            "line": 11,
            "column": 24
          },
          "end": {
            "line": 11,
            "column": 25
          }
        },
        "loc": {
          "start": {
            "line": 11,
            "column": 38
          },
          "end": {
            "line": 13,
            "column": 3
          }
        },
        "line": 11
      },
      "1": {
        "name": "App",
        "decl": {
          "start": {
            "line": 29,
            "column": 9
          },
          "end": {
            "line": 29,
            "column": 12
          }
        },
        "loc": {
          "start": {
            "line": 29,
            "column": 15
          },
          "end": {
            "line": 119,
            "column": 1
          }
        },
        "line": 29
      },
      "2": {
        "name": "(anonymous_2)",
        "decl": {
          "start": {
            "line": 42,
            "column": 51
          },
          "end": {
            "line": 42,
            "column": 52
          }
        },
        "loc": {
          "start": {
            "line": 44,
            "column": 12
          },
          "end": {
            "line": 44,
            "column": 39
          }
        },
        "line": 44
      },
      "3": {
        "name": "(anonymous_3)",
        "decl": {
          "start": {
            "line": 49,
            "column": 51
          },
          "end": {
            "line": 49,
            "column": 52
          }
        },
        "loc": {
          "start": {
            "line": 51,
            "column": 12
          },
          "end": {
            "line": 51,
            "column": 39
          }
        },
        "line": 51
      },
      "4": {
        "name": "(anonymous_4)",
        "decl": {
          "start": {
            "line": 56,
            "column": 51
          },
          "end": {
            "line": 56,
            "column": 52
          }
        },
        "loc": {
          "start": {
            "line": 58,
            "column": 12
          },
          "end": {
            "line": 58,
            "column": 39
          }
        },
        "line": 58
      },
      "5": {
        "name": "(anonymous_5)",
        "decl": {
          "start": {
            "line": 120,
            "column": 47
          },
          "end": {
            "line": 120,
            "column": 48
          }
        },
        "loc": {
          "start": {
            "line": 120,
            "column": 58
          },
          "end": {
            "line": 122,
            "column": 1
          }
        },
        "line": 120
      },
      "6": {
        "name": "(anonymous_6)",
        "decl": {
          "start": {
            "line": 133,
            "column": 9
          },
          "end": {
            "line": 133,
            "column": 10
          }
        },
        "loc": {
          "start": {
            "line": 133,
            "column": 29
          },
          "end": {
            "line": 142,
            "column": 3
          }
        },
        "line": 133
      },
      "7": {
        "name": "(anonymous_7)",
        "decl": {
          "start": {
            "line": 135,
            "column": 27
          },
          "end": {
            "line": 135,
            "column": 28
          }
        },
        "loc": {
          "start": {
            "line": 135,
            "column": 44
          },
          "end": {
            "line": 141,
            "column": 5
          }
        },
        "line": 135
      }
    },
    "branchMap": {
      "0": {
        "loc": {
          "start": {
            "line": 5,
            "column": 0
          },
          "end": {
            "line": 15,
            "column": 1
          }
        },
        "type": "if",
        "locations": [
          {
            "start": {
              "line": 5,
              "column": 0
            },
            "end": {
              "line": 15,
              "column": 1
            }
          },
          {
            "start": {},
            "end": {}
          }
        ],
        "line": 5
      },
      "1": {
        "loc": {
          "start": {
            "line": 6,
            "column": 2
          },
          "end": {
            "line": 8,
            "column": 3
          }
        },
        "type": "if",
        "locations": [
          {
            "start": {
              "line": 6,
              "column": 2
            },
            "end": {
              "line": 8,
              "column": 3
            }
          },
          {
            "start": {},
            "end": {}
          }
        ],
        "line": 6
      },
      "2": {
        "loc": {
          "start": {
            "line": 36,
            "column": 8
          },
          "end": {
            "line": 36,
            "column": 56
          }
        },
        "type": "binary-expr",
        "locations": [
          {
            "start": {
              "line": 36,
              "column": 8
            },
            "end": {
              "line": 36,
              "column": 36
            }
          },
          {
            "start": {
              "line": 36,
              "column": 40
            },
            "end": {
              "line": 36,
              "column": 56
            }
          }
        ],
        "line": 36
      },
      "3": {
        "loc": {
          "start": {
            "line": 44,
            "column": 12
          },
          "end": {
            "line": 44,
            "column": 39
          }
        },
        "type": "cond-expr",
        "locations": [
          {
            "start": {
              "line": 44,
              "column": 23
            },
            "end": {
              "line": 44,
              "column": 34
            }
          },
          {
            "start": {
              "line": 44,
              "column": 37
            },
            "end": {
              "line": 44,
              "column": 39
            }
          }
        ],
        "line": 44
      },
      "4": {
        "loc": {
          "start": {
            "line": 51,
            "column": 12
          },
          "end": {
            "line": 51,
            "column": 39
          }
        },
        "type": "cond-expr",
        "locations": [
          {
            "start": {
              "line": 51,
              "column": 23
            },
            "end": {
              "line": 51,
              "column": 34
            }
          },
          {
            "start": {
              "line": 51,
              "column": 37
            },
            "end": {
              "line": 51,
              "column": 39
            }
          }
        ],
        "line": 51
      },
      "5": {
        "loc": {
          "start": {
            "line": 58,
            "column": 12
          },
          "end": {
            "line": 58,
            "column": 39
          }
        },
        "type": "cond-expr",
        "locations": [
          {
            "start": {
              "line": 58,
              "column": 23
            },
            "end": {
              "line": 58,
              "column": 34
            }
          },
          {
            "start": {
              "line": 58,
              "column": 37
            },
            "end": {
              "line": 58,
              "column": 39
            }
          }
        ],
        "line": 58
      },
      "6": {
        "loc": {
          "start": {
            "line": 127,
            "column": 0
          },
          "end": {
            "line": 143,
            "column": 1
          }
        },
        "type": "if",
        "locations": [
          {
            "start": {
              "line": 127,
              "column": 0
            },
            "end": {
              "line": 143,
              "column": 1
            }
          },
          {
            "start": {},
            "end": {}
          }
        ],
        "line": 127
      },
      "7": {
        "loc": {
          "start": {
            "line": 136,
            "column": 6
          },
          "end": {
            "line": 137,
            "column": 15
          }
        },
        "type": "if",
        "locations": [
          {
            "start": {
              "line": 136,
              "column": 6
            },
            "end": {
              "line": 137,
              "column": 15
            }
          },
          {
            "start": {},
            "end": {}
          }
        ],
        "line": 136
      },
      "8": {
        "loc": {
          "start": {
            "line": 139,
            "column": 6
          },
          "end": {
            "line": 140,
            "column": 54
          }
        },
        "type": "if",
        "locations": [
          {
            "start": {
              "line": 139,
              "column": 6
            },
            "end": {
              "line": 140,
              "column": 54
            }
          },
          {
            "start": {},
            "end": {}
          }
        ],
        "line": 139
      }
    },
    "s": {
      "0": 83,
      "1": 83,
      "2": 0,
      "3": 83,
      "4": 83,
      "5": 83,
      "6": 83,
      "7": 83,
      "8": 83,
      "9": 83,
      "10": 83,
      "11": 83,
      "12": 83,
      "13": 83,
      "14": 83,
      "15": 83,
      "16": 83,
      "17": 83,
      "18": 83,
      "19": 83,
      "20": 83,
      "21": 83,
      "22": 83,
      "23": 83,
      "24": 83,
      "25": 83,
      "26": 51,
      "27": 51,
      "28": 0,
      "29": 0,
      "30": 0,
      "31": 0,
      "32": 0
    },
    "f": {
      "0": 83,
      "1": 83,
      "2": 83,
      "3": 83,
      "4": 83,
      "5": 83,
      "6": 51,
      "7": 0
    },
    "b": {
      "0": [
        83,
        0
      ],
      "1": [
        0,
        83
      ],
      "2": [
        83,
        9
      ],
      "3": [
        33,
        50
      ],
      "4": [
        12,
        71
      ],
      "5": [
        29,
        54
      ],
      "6": [
        83,
        0
      ],
      "7": [
        0,
        0
      ],
      "8": [
        0,
        0
      ]
    },
    "inputSourceMap": {
      "version": 3,
      "mappings": "AA2BU;;;;;;;;;;;;;;;;AA1BV,SAASA,QAAQC,OAAOC,aAAaC,eAAe;AACpD,OAAOC,cAAc;AACrB,OAAOC,aAAa;AACpB,OAAOC,kBAAkB;AACzB,OAAOC,cAAc;AAMrB,MAAMC,YAA2B;AAAA,EAC/B,KAAK;AAAA,EACL,UAAU;AAAA,EACV,UAAU;AACZ;AAEA,MAAMC,mBAAmB;AACzB,MAAMC,cAAc;AAEpB,SAASC,MAAM;AAAAC;AACb,QAAMC,WAAWX,YAAW;AAE5B,SACE,uBAAC,SAAI,WAAU,OACb;AAAA,2BAAC,YAAO,WAAU,UAChB,iCAAC,SAAI,WAAU,kBACb;AAAA,6BAAC,SAAI;AAAA;AAAA,QAAeM,UAAUK,SAASC,QAAQ,KAAKL;AAAAA,WAApD;AAAA;AAAA;AAAA;AAAA,aAAqE;AAAA,MACrE,uBAAC,WAAQ,WAAW,CAAC;AAAA,QAAEM;AAAAA,MAAS,MAAOA,WAAWL,cAAc,IAAK,IAAG,KAAG,oBAA3E;AAAA;AAAA;AAAA;AAAA,aAEA;AAAA,MACA,uBAAC,WAAQ,WAAW,CAAC;AAAA,QAAEK;AAAAA,MAAS,MAAOA,WAAWL,cAAc,IAAK,IAAG,UAAQ,wBAAhF;AAAA;AAAA;AAAA;AAAA,aAEA;AAAA,MACA,uBAAC,WAAQ,WAAW,CAAC;AAAA,QAAEK;AAAAA,MAAS,MAAOA,WAAWL,cAAc,IAAK,IAAG,UAAQ,qBAAhF;AAAA;AAAA;AAAA;AAAA,aAEA;AAAA,SAVF;AAAA;AAAA;AAAA;AAAA,WAWA,KAZF;AAAA;AAAA;AAAA;AAAA,WAaA;AAAA,IACA,uBAAC,UACC;AAAA,6BAAC,SAAM,MAAK,KAAI,SAAS,uBAAC,cAAD;AAAA;AAAA;AAAA;AAAA,aAAS,KAAlC;AAAA;AAAA;AAAA;AAAA,aAAsC;AAAA,MACtC,uBAAC,SAAM,MAAK,UAAS,SAAS,uBAAC,aAAD;AAAA;AAAA;AAAA;AAAA,aAAQ,KAAtC;AAAA;AAAA;AAAA;AAAA,aAA0C;AAAA,MAC1C,uBAAC,SAAM,MAAK,UAAS,SAAS,uBAAC,cAAD;AAAA;AAAA;AAAA;AAAA,aAAS,KAAvC;AAAA;AAAA;AAAA;AAAA,aAA2C;AAAA,MAC3C,uBAAC,SAAM,MAAK,MAAK,SAAS,uBAAC,kBAAD;AAAA;AAAA;AAAA;AAAA,aAAa,KAAvC;AAAA;AAAA;AAAA;AAAA,aAA2C;AAAA,SAJ7C;AAAA;AAAA;AAAA;AAAA,WAKA;AAAA,OApBF;AAAA;AAAA;AAAA;AAAA,SAqBA;AAEJ;AAACE,GA3BQD,KAAG;AAAA,UACOT,WAAW;AAAA;AAAAc,KADrBL;AA6BT,eAAeA;AAAI;AAAAM",
      "names": [
        "Routes",
        "Route",
        "useLocation",
        "NavLink",
        "MainPage",
        "AboutUs",
        "PageNotFound",
        "FormPage",
        "pageNames",
        "pageNotFoundName",
        "activeClass",
        "App",
        "_s",
        "location",
        "pathname",
        "isActive",
        "_c",
        "$RefreshReg$"
      ],
      "sources": [
        "F:/isProgrammer/react learning/RS-School-React/react-components/src/App.tsx"
      ],
      "file": "F:/isProgrammer/react learning/RS-School-React/react-components/src/App.tsx"
    },
    "_coverageSchema": "1a1c01bbd47fc00a2c39e90264f33305004495a9",
    "hash": "19aac0ef9ac1be85788aa34085df639ba7343406"
  },
  "F:/isProgrammer/react learning/RS-School-React/react-components/src/entry-client.tsx": {
    "path": "F:/isProgrammer/react learning/RS-School-React/react-components/src/entry-client.tsx",
    "statementMap": {
      "0": {
        "start": {
          "line": 18,
          "column": 0
        },
        "end": {
          "line": 30,
          "column": 10
        }
      }
    },
    "fnMap": {},
    "branchMap": {},
    "s": {
      "0": 83
    },
    "f": {},
    "b": {},
    "inputSourceMap": {
      "version": 3,
      "mappings": "AAsBM;AArBN,OAAOA,cAAc;AACrB,SAASC,qBAAqB;AAC9B,SAASC,gBAAgB;AACzB,OAAOC,WAAW;AAClB,OAAOC,SAAS;AAChB,OAAO;AACP,OAAO;AACP,OAAO;AACP,OAAO;AACP,OAAO;AACP,OAAO;AACP,OAAO;AACP,OAAO;AACP,OAAO;AACP,OAAO;AACP,OAAO;AAEPJ,SAASK,YACPC,SAASC,eAAe,MAAM,GAC9B,uBAAC,YAAS,OACR,iCAAC,iBACC,iCAAC,SAAD;AAAA;AAAA;AAAA;AAAA,OAAI,KADN;AAAA;AAAA;AAAA;AAAA,OAEA,KAHF;AAAA;AAAA;AAAA;AAAA,OAIA,CAAW",
      "names": [
        "ReactDOM",
        "BrowserRouter",
        "Provider",
        "store",
        "App",
        "hydrateRoot",
        "document",
        "getElementById"
      ],
      "sources": [
        "F:/isProgrammer/react learning/RS-School-React/react-components/src/entry-client.tsx"
      ],
      "file": "F:/isProgrammer/react learning/RS-School-React/react-components/src/entry-client.tsx"
    },
    "_coverageSchema": "1a1c01bbd47fc00a2c39e90264f33305004495a9",
    "hash": "a76defcb1c613637f9ea73e7ac33172ef4cfce8c"
  },
  "F:/isProgrammer/react learning/RS-School-React/react-components/src/mocks/handlers.ts": {
    "path": "F:/isProgrammer/react learning/RS-School-React/react-components/src/mocks/handlers.ts",
    "statementMap": {},
    "fnMap": {},
    "branchMap": {},
    "s": {},
    "f": {},
    "b": {}
  },
  "F:/isProgrammer/react learning/RS-School-React/react-components/src/mocks/mockServer.ts": {
    "path": "F:/isProgrammer/react learning/RS-School-React/react-components/src/mocks/mockServer.ts",
    "statementMap": {},
    "fnMap": {},
    "branchMap": {},
    "s": {},
    "f": {},
    "b": {}
  },
  "F:/isProgrammer/react learning/RS-School-React/react-components/src/entry-server.tsx": {
    "path": "F:/isProgrammer/react learning/RS-School-React/react-components/src/entry-server.tsx",
    "statementMap": {},
    "fnMap": {},
    "branchMap": {},
    "s": {},
    "f": {},
    "b": {}
  },
  "F:/isProgrammer/react learning/RS-School-React/react-components/src/main.tsx": {
    "path": "F:/isProgrammer/react learning/RS-School-React/react-components/src/main.tsx",
    "statementMap": {},
    "fnMap": {},
    "branchMap": {},
    "s": {},
    "f": {},
    "b": {}
  },
  "F:/isProgrammer/react learning/RS-School-React/react-components/src/setup.test.tsx": {
    "path": "F:/isProgrammer/react learning/RS-School-React/react-components/src/setup.test.tsx",
    "statementMap": {},
    "fnMap": {},
    "branchMap": {},
    "s": {},
    "f": {},
    "b": {}
  },
  "F:/isProgrammer/react learning/RS-School-React/react-components/src/components/header/header.tsx": {
    "path": "F:/isProgrammer/react learning/RS-School-React/react-components/src/components/header/header.tsx",
    "statementMap": {},
    "fnMap": {},
    "branchMap": {},
    "s": {},
    "f": {},
    "b": {}
  },
  "F:/isProgrammer/react learning/RS-School-React/react-components/src/pages/aboutUs/aboutTest.test.tsx": {
    "path": "F:/isProgrammer/react learning/RS-School-React/react-components/src/pages/aboutUs/aboutTest.test.tsx",
    "statementMap": {},
    "fnMap": {},
    "branchMap": {},
    "s": {},
    "f": {},
    "b": {}
  },
  "F:/isProgrammer/react learning/RS-School-React/react-components/src/pages/forms/formPage.test.tsx": {
    "path": "F:/isProgrammer/react learning/RS-School-React/react-components/src/pages/forms/formPage.test.tsx",
    "statementMap": {},
    "fnMap": {},
    "branchMap": {},
    "s": {},
    "f": {},
    "b": {}
  },
  "F:/isProgrammer/react learning/RS-School-React/react-components/src/pages/main/main.test.tsx": {
    "path": "F:/isProgrammer/react learning/RS-School-React/react-components/src/pages/main/main.test.tsx",
    "statementMap": {},
    "fnMap": {},
    "branchMap": {},
    "s": {},
    "f": {},
    "b": {}
  },
  "F:/isProgrammer/react learning/RS-School-React/react-components/src/pages/pageNotFound/pageNotFound.test.tsx": {
    "path": "F:/isProgrammer/react learning/RS-School-React/react-components/src/pages/pageNotFound/pageNotFound.test.tsx",
    "statementMap": {},
    "fnMap": {},
    "branchMap": {},
    "s": {},
    "f": {},
    "b": {}
  },
  "F:/isProgrammer/react learning/RS-School-React/react-components/src/components/form/userInfoCard/userInfoCard.test.tsx": {
    "path": "F:/isProgrammer/react learning/RS-School-React/react-components/src/components/form/userInfoCard/userInfoCard.test.tsx",
    "statementMap": {},
    "fnMap": {},
    "branchMap": {},
    "s": {},
    "f": {},
    "b": {}
  },
  "F:/isProgrammer/react learning/RS-School-React/react-components/src/components/form/validation/validation.test.tsx": {
    "path": "F:/isProgrammer/react learning/RS-School-React/react-components/src/components/form/validation/validation.test.tsx",
    "statementMap": {},
    "fnMap": {},
    "branchMap": {},
    "s": {},
    "f": {},
    "b": {}
  }
}
